0 info it worked if it ends with ok
1 verbose cli [ 'C:\\Program Files\\nodejs\\node.exe',
1 verbose cli   'C:\\Program Files\\nodejs\\node_modules\\npm\\bin\\npm-cli.js',
1 verbose cli   'start' ]
2 info using npm@3.10.10
3 info using node@v6.11.3
4 verbose run-script [ 'prestart', 'start', 'poststart' ]
5 info lifecycle semantic-ui-react-example-webpack2@1.0.0~prestart: semantic-ui-react-example-webpack2@1.0.0
6 silly lifecycle semantic-ui-react-example-webpack2@1.0.0~prestart: no script for prestart, continuing
7 info lifecycle semantic-ui-react-example-webpack2@1.0.0~start: semantic-ui-react-example-webpack2@1.0.0
8 verbose lifecycle semantic-ui-react-example-webpack2@1.0.0~start: unsafe-perm in lifecycle true
9 verbose lifecycle semantic-ui-react-example-webpack2@1.0.0~start: PATH: C:\Program Files\nodejs\node_modules\npm\bin\node-gyp-bin;C:\projects\git\lang-lab-portal\node_modules\.bin;C:\Program Files (x86)\cmder\bin;C:\Program Files (x86)\cmder\vendor\conemu-maximus5\ConEmu\Scripts;C:\Program Files (x86)\cmder\bin;C:\Program Files (x86)\cmder\vendor\conemu-maximus5\ConEmu\Scripts;C:\Program Files (x86)\cmder\vendor\conemu-maximus5;C:\Program Files (x86)\cmder\vendor\conemu-maximus5\ConEmu;C:\oraclexe\app\oracle\product\11.2.0\server\bin;;C:\oracle\11gw732bits\product\11.2.0\client_1;C:\oraclexe\app\oracle\product\11.2.0\server\bin;C:\oracle\11gw732bits\product\11.2.0\client_1\bin;C:\ProgramData\Oracle\Java\javapath;C:\Program Files (x86)\Intel\iCLS Client\;C:\Program Files\Intel\iCLS Client\;C:\Windows\system32;C:\Windows;C:\Windows\System32\Wbem;C:\Windows\System32\WindowsPowerShell\v1.0\;C:\Program Files\Intel\WiFi\bin\;C:\Program Files\Common Files\Intel\WirelessCommon\;C:\Program Files (x86)\Intel\Intel(R) Management Engine Components\DAL;C:\Program Files\Intel\Intel(R) Management Engine Components\DAL;C:\Program Files (x86)\Intel\Intel(R) Management Engine Components\IPT;C:\Program Files\Intel\Intel(R) Management Engine Components\IPT;C:\Program Files (x86)\QuickTime\QTSystem\;C:\Program Files\erl9.0\bin;C:\Program Files (x86)\Elixir\bin;C:\Users\VNP32i6\.mix\escripts;C:\Program Files\nodejs\;C:\Program Files\Git\cmd;C:\Program Files\Microsoft SQL Server\130\Tools\Binn\;C:\Program Files\dotnet\;C:\HashiCorp\Vagrant\bin;C:\Program Files\hugo;C:\Program Files\TortoiseSVN\bin;C:\Users\VNP32i6\.mix\escripts;C:\Program Files (x86)\cmder;C:\Users\VNP32i6\AppData\Roaming\npm;C:\Users\VNP32i6\AppData\Local\atom;C:\Program Files\Git\usr\bin;C:\Program Files\Git\usr\share\vim\vim74;C:\Program Files (x86)\cmder\;C:\Program Files\Git\usr\bin;C:\Program Files\Git\usr\share\vim\vim74;C:\Program Files (x86)\cmder\
10 verbose lifecycle semantic-ui-react-example-webpack2@1.0.0~start: CWD: C:\projects\git\lang-lab-portal
11 silly lifecycle semantic-ui-react-example-webpack2@1.0.0~start: Args: [ '/d /s /c',
11 silly lifecycle   'node ./node_modules/webpack-dev-server/bin/webpack-dev-server.js' ]
12 silly lifecycle semantic-ui-react-example-webpack2@1.0.0~start: Returned: code: 3221225786  signal: null
13 info lifecycle semantic-ui-react-example-webpack2@1.0.0~start: Failed to exec start script
14 verbose stack Error: semantic-ui-react-example-webpack2@1.0.0 start: `node ./node_modules/webpack-dev-server/bin/webpack-dev-server.js`
14 verbose stack Exit status 3221225786
14 verbose stack     at EventEmitter.<anonymous> (C:\Program Files\nodejs\node_modules\npm\lib\utils\lifecycle.js:255:16)
14 verbose stack     at emitTwo (events.js:106:13)
14 verbose stack     at EventEmitter.emit (events.js:191:7)
14 verbose stack     at ChildProcess.<anonymous> (C:\Program Files\nodejs\node_modules\npm\lib\utils\spawn.js:40:14)
14 verbose stack     at emitTwo (events.js:106:13)
14 verbose stack     at ChildProcess.emit (events.js:191:7)
14 verbose stack     at maybeClose (internal/child_process.js:920:16)
14 verbose stack     at Process.ChildProcess._handle.onexit (internal/child_process.js:230:5)
15 verbose pkgid semantic-ui-react-example-webpack2@1.0.0
16 verbose cwd C:\projects\git\lang-lab-portal
17 error Windows_NT 6.1.7601
18 error argv "C:\\Program Files\\nodejs\\node.exe" "C:\\Program Files\\nodejs\\node_modules\\npm\\bin\\npm-cli.js" "start"
19 error node v6.11.3
20 error npm  v3.10.10
21 error code ELIFECYCLE
22 error semantic-ui-react-example-webpack2@1.0.0 start: `node ./node_modules/webpack-dev-server/bin/webpack-dev-server.js`
22 error Exit status 3221225786
23 error Failed at the semantic-ui-react-example-webpack2@1.0.0 start script 'node ./node_modules/webpack-dev-server/bin/webpack-dev-server.js'.
23 error Make sure you have the latest version of node.js and npm installed.
23 error If you do, this is most likely a problem with the semantic-ui-react-example-webpack2 package,
23 error not with npm itself.
23 error Tell the author that this fails on your system:
23 error     node ./node_modules/webpack-dev-server/bin/webpack-dev-server.js
23 error You can get information on how to open an issue for this project with:
23 error     npm bugs semantic-ui-react-example-webpack2
23 error Or if that isn't available, you can get their info via:
23 error     npm owner ls semantic-ui-react-example-webpack2
23 error There is likely additional logging output above.
24 verbose exit [ 1, true ]
